#
# There is insufficient memory for the Java Runtime Environment to continue.
# Native memory allocation (mmap) failed to map 228589568 bytes for G1 virtual space
# Possible reasons:
#   The system is out of physical RAM or swap space
#   The process is running with CompressedOops enabled, and the Java Heap may be blocking the growth of the native heap
# Possible solutions:
#   Reduce memory load on the system
#   Increase physical memory or swap space
#   Check if swap backing store is full
#   Decrease Java heap size (-Xmx/-Xms)
#   Decrease number of Java threads
#   Decrease Java thread stack sizes (-Xss)
#   Set larger code cache with -XX:ReservedCodeCacheSize=
#   JVM is running with Zero Based Compressed Oops mode in which the Java heap is
#     placed in the first 32GB address space. The Java Heap base address is the
#     maximum limit for the native heap growth. Please use -XX:HeapBaseMinAddress
#     to set the Java Heap base and to place the Java Heap above 32GB virtual address.
# This output file may be truncated or incomplete.
#
#  Out of Memory Error (os_windows.cpp:3527), pid=19220, tid=18516
#
# JRE version:  (19.0.1+10) (build )
# Java VM: OpenJDK 64-Bit Server VM (19.0.1+10-21, mixed mode, sharing, tiered, compressed oops, compressed class ptrs, g1 gc, windows-amd64)
# No core dump will be written. Minidumps are not enabled by default on client versions of Windows
#

---------------  S U M M A R Y ------------

Command Line: -javaagent:C:\Program Files\JetBrains\IntelliJ IDEA Community Edition 2022.2.3\lib\idea_rt.jar=61924:C:\Program Files\JetBrains\IntelliJ IDEA Community Edition 2022.2.3\bin -Dfile.encoding=UTF-8 -Dsun.stdout.encoding=UTF-8 -Dsun.stderr.encoding=UTF-8 HW_3103.Task3

Host: Intel(R) Core(TM) i7-3770 CPU @ 3.40GHz, 7 cores, 13G,  Windows 10 , 64 bit Build 19041 (10.0.19041.2546)
Time: Sat Apr  1 01:33:25 2023  Windows 10 , 64 bit Build 19041 (10.0.19041.2546) elapsed time: 0.011938 seconds (0d 0h 0m 0s)

---------------  T H R E A D  ---------------

Current thread (0x000001aad055ab50):  JavaThread "Unknown thread" [_thread_in_vm, id=18516, stack(0x0000003409100000,0x0000003409200000)]

Stack: [0x0000003409100000,0x0000003409200000]
Native frames: (J=compiled Java code, j=interpreted, Vv=VM code, C=native code)
V  [jvm.dll+0x6ee8fa]
V  [jvm.dll+0x857a1e]
V  [jvm.dll+0x85940e]
V  [jvm.dll+0x859ac3]
V  [jvm.dll+0x28291f]
V  [jvm.dll+0x6eb6e9]
V  [jvm.dll+0x6e028a]
V  [jvm.dll+0x357136]
V  [jvm.dll+0x35eb96]
V  [jvm.dll+0x3b555e]
V  [jvm.dll+0x3b578f]
V  [jvm.dll+0x32c6ea]
V  [jvm.dll+0x32d59e]
V  [jvm.dll+0x821b20]
V  [jvm.dll+0x3c27c1]
V  [jvm.dll+0x8022f1]
V  [jvm.dll+0x44b30f]
V  [jvm.dll+0x44cc91]
C  [jli.dll+0x5287]
C  [ucrtbase.dll+0x21bb2]
C  [KERNEL32.DLL+0x17614]
C  [ntdll.dll+0x526a1]


---------------  P R O C E S S  ---------------

Threads class SMR info:
_java_thread_list=0x00007ffe1f80d048, length=0, elements={
}

Java Threads: ( => current thread )

Other Threads:
  0x000001aad05bf480 WorkerThread "GC Thread#0" [stack: 0x0000003409200000,0x0000003409300000] [id=15708]
  0x000001aad05cdf50 ConcurrentGCThread "G1 Main Marker" [stack: 0x0000003409300000,0x0000003409400000] [id=19012]
  0x000001aad05d0130 WorkerThread "G1 Conc#0" [stack: 0x0000003409400000,0x0000003409500000] [id=18684]

[error occurred during error reporting (printing all threads), id 0xc0000005, EXCEPTION_ACCESS_VIOLATION (0xc0000005) at pc=0x00007ffe1efcd127]

VM state: not at safepoint (not fully initialized)

VM Mutex/Monitor currently owned by a thread:  ([mutex/lock_event])
[0x000001aad0558cc0] Heap_lock - owner thread: 0x000001aad055ab50

Heap address: 0x0000000726200000, size: 3486 MB, Compressed Oops mode: Zero based, Oop shift amount: 3

CDS archive(s) mapped at: [0x0000000000000000-0x0000000000000000-0x0000000000000000), size 0, SharedBaseAddress: 0x0000000800000000, ArchiveRelocationMode: 0.
Narrow klass base: 0x0000000000000000, Narrow klass shift: 0, Narrow klass range: 0x0

GC Precious Log:
 CardTable entry size: 512
 Card Set container configuration: InlinePtr #cards 4 size 8 Array Of Cards #cards 16 size 48 Howl #buckets 8 coarsen threshold 3686 Howl Bitmap #cards 512 size 80 coarsen threshold 460 Card regions per heap region 1 cards per card region 4096

Heap:
 garbage-first heap   total 0K, used 0K [0x0000000726200000, 0x0000000800000000)
  region size 2048K, 0 young (0K), 0 survivors (0K)

[error occurred during error reporting (printing heap information), id 0xc0000005, EXCEPTION_ACCESS_VIOLATION (0xc0000005) at pc=0x00007ffe1f3d6959]

GC Heap History (0 events):
No events

Dll operation events (1 events):
Event: 0.007 Loaded shared library C:\Users\eugen\.jdks\openjdk-19.0.1\bin\java.dll

Deoptimization events (0 events):
No events

Classes loaded (0 events):
No events

Classes unloaded (0 events):
No events

Classes redefined (0 events):
No events

Internal exceptions (0 events):
No events

VM Operations (0 events):
No events

Events (0 events):
No events


Dynamic libraries:
0x00007ff7f7f90000 - 0x00007ff7f7f9e000 	C:\Users\eugen\.jdks\openjdk-19.0.1\bin\java.exe
0x00007ffea40d0000 - 0x00007ffea42c8000 	C:\WINDOWS\SYSTEM32\ntdll.dll
0x00007ffea29a0000 - 0x00007ffea2a5f000 	C:\WINDOWS\System32\KERNEL32.DLL
0x00007ffea1a10000 - 0x00007ffea1ce2000 	C:\WINDOWS\System32\KERNELBASE.dll
0x00007ffea1d90000 - 0x00007ffea1e90000 	C:\WINDOWS\System32\ucrtbase.dll
0x00007ffe93610000 - 0x00007ffe93627000 	C:\Users\eugen\.jdks\openjdk-19.0.1\bin\jli.dll
0x00007ffe909f0000 - 0x00007ffe90a0b000 	C:\Users\eugen\.jdks\openjdk-19.0.1\bin\VCRUNTIME140.dll
0x00007ffea2120000 - 0x00007ffea22c1000 	C:\WINDOWS\System32\USER32.dll
0x00007ffe8a950000 - 0x00007ffe8abea000 	C:\WINDOWS\WinSxS\amd64_microsoft.windows.common-controls_6595b64144ccf1df_6.0.19041.1110_none_60b5254171f9507e\COMCTL32.dll
0x00007ffea1840000 - 0x00007ffea1862000 	C:\WINDOWS\System32\win32u.dll
0x00007ffea3fc0000 - 0x00007ffea405e000 	C:\WINDOWS\System32\msvcrt.dll
0x00007ffea3ea0000 - 0x00007ffea3ecb000 	C:\WINDOWS\System32\GDI32.dll
0x00007ffea1870000 - 0x00007ffea197f000 	C:\WINDOWS\System32\gdi32full.dll
0x00007ffea1cf0000 - 0x00007ffea1d8d000 	C:\WINDOWS\System32\msvcp_win.dll
0x00007ffea4060000 - 0x00007ffea4090000 	C:\WINDOWS\System32\IMM32.DLL
0x00007ffe93600000 - 0x00007ffe9360c000 	C:\Users\eugen\.jdks\openjdk-19.0.1\bin\vcruntime140_1.dll
0x00007ffe848b0000 - 0x00007ffe8493e000 	C:\Users\eugen\.jdks\openjdk-19.0.1\bin\msvcp140.dll
0x00007ffe1ec90000 - 0x00007ffe1f950000 	C:\Users\eugen\.jdks\openjdk-19.0.1\bin\server\jvm.dll
0x00007ffea2ff0000 - 0x00007ffea309e000 	C:\WINDOWS\System32\ADVAPI32.dll
0x00007ffea3150000 - 0x00007ffea31ec000 	C:\WINDOWS\System32\sechost.dll
0x00007ffea31f0000 - 0x00007ffea3314000 	C:\WINDOWS\System32\RPCRT4.dll
0x00007ffe9c1d0000 - 0x00007ffe9c1da000 	C:\WINDOWS\SYSTEM32\VERSION.dll
0x00007ffe98e10000 - 0x00007ffe98e37000 	C:\WINDOWS\SYSTEM32\WINMM.dll
0x00007ffe65710000 - 0x00007ffe65719000 	C:\WINDOWS\SYSTEM32\WSOCK32.dll
0x00007ffea3f50000 - 0x00007ffea3fbb000 	C:\WINDOWS\System32\WS2_32.dll
0x00007ffea0040000 - 0x00007ffea0052000 	C:\WINDOWS\SYSTEM32\kernel.appcore.dll
0x00007ffe930e0000 - 0x00007ffe930ea000 	C:\Users\eugen\.jdks\openjdk-19.0.1\bin\jimage.dll
0x00007ffe9f510000 - 0x00007ffe9f6f4000 	C:\WINDOWS\SYSTEM32\DBGHELP.DLL
0x00007ffe8c6c0000 - 0x00007ffe8c6f5000 	C:\WINDOWS\SYSTEM32\dbgcore.DLL
0x00007ffea1980000 - 0x00007ffea1a02000 	C:\WINDOWS\System32\bcryptPrimitives.dll
0x00007ffe9ea70000 - 0x00007ffe9ea7e000 	C:\Users\eugen\.jdks\openjdk-19.0.1\bin\instrument.dll
0x00007ffe8e810000 - 0x00007ffe8e836000 	C:\Users\eugen\.jdks\openjdk-19.0.1\bin\java.dll

dbghelp: loaded successfully - version: 4.0.5 - missing functions: none
symbol engine: initialized successfully - sym options: 0x614 - pdb path: .;C:\Users\eugen\.jdks\openjdk-19.0.1\bin;C:\WINDOWS\SYSTEM32;C:\WINDOWS\WinSxS\amd64_microsoft.windows.common-controls_6595b64144ccf1df_6.0.19041.1110_none_60b5254171f9507e;C:\Users\eugen\.jdks\openjdk-19.0.1\bin\server

VM Arguments:
jvm_args: -javaagent:C:\Program Files\JetBrains\IntelliJ IDEA Community Edition 2022.2.3\lib\idea_rt.jar=61924:C:\Program Files\JetBrains\IntelliJ IDEA Community Edition 2022.2.3\bin -Dfile.encoding=UTF-8 -Dsun.stdout.encoding=UTF-8 -Dsun.stderr.encoding=UTF-8 
java_command: HW_3103.Task3
java_class_path (initial): D:\TEL_RAN\Java_Projects\HW_IIias\HW_Algoritms\target\classes
Launcher Type: SUN_STANDARD

[Global flags]
     intx CICompilerCount                          = 3                                         {product} {ergonomic}
     uint ConcGCThreads                            = 2                                         {product} {ergonomic}
     uint G1ConcRefinementThreads                  = 7                                         {product} {ergonomic}
   size_t G1HeapRegionSize                         = 2097152                                   {product} {ergonomic}
    uintx GCDrainStackTargetSize                   = 64                                        {product} {ergonomic}
   size_t InitialHeapSize                          = 228589568                                 {product} {ergonomic}
   size_t MarkStackSize                            = 4194304                                   {product} {ergonomic}
   size_t MaxHeapSize                              = 3655335936                                {product} {ergonomic}
   size_t MinHeapDeltaBytes                        = 2097152                                   {product} {ergonomic}
   size_t MinHeapSize                              = 8388608                                   {product} {ergonomic}
    uintx NonNMethodCodeHeapSize                   = 5832780                                {pd product} {ergonomic}
    uintx NonProfiledCodeHeapSize                  = 122912730                              {pd product} {ergonomic}
    uintx ProfiledCodeHeapSize                     = 122912730                              {pd product} {ergonomic}
    uintx ReservedCodeCacheSize                    = 251658240                              {pd product} {ergonomic}
     bool SegmentedCodeCache                       = true                                      {product} {ergonomic}
   size_t SoftMaxHeapSize                          = 3655335936                             {manageable} {ergonomic}
     bool UseCompressedClassPointers               = true                           {product lp64_product} {ergonomic}
     bool UseCompressedOops                        = true                           {product lp64_product} {ergonomic}
     bool UseG1GC                                  = true                                      {product} {ergonomic}
     bool UseLargePagesIndividualAllocation        = false                                  {pd product} {ergonomic}

Logging:
Log output configuration:
 #0: stdout all=warning uptime,level,tags foldmultilines=false
 #1: stderr all=off uptime,level,tags foldmultilines=false

Environment Variables:
PATH=C:\Windows\system32;C:\Windows;C:\Windows\System32\Wbem;C:\Windows\System32\WindowsPowerShell\v1.0\;C:\Windows\System32\OpenSSH\;C:\Program Files\NVIDIA Corporation\NVIDIA NvDLISR;C:\Program Files (x86)\NVIDIA Corporation\PhysX\Common;C:\WINDOWS\system32;C:\WINDOWS;C:\WINDOWS\System32\Wbem;C:\WINDOWS\System32\WindowsPowerShell\v1.0\;C:\WINDOWS\System32\OpenSSH\;C:\Program Files\Git\cmd;C:\Program Files\MySQL\MySQL Shell 8.0\bin\;C:\Users\eugen\AppData\Local\Microsoft\WindowsApps;D:\DEVELOPING\Microsoft VS Code\bin;C:\Users\eugen\AppData\Local\GitHubDesktop\bin
USERNAME=eugen
OS=Windows_NT
PROCESSOR_IDENTIFIER=Intel64 Family 6 Model 58 Stepping 9, GenuineIntel
TMP=C:\Users\eugen\AppData\Local\Temp
TEMP=C:\Users\eugen\AppData\Local\Temp



---------------  S Y S T E M  ---------------

OS:
 Windows 10 , 64 bit Build 19041 (10.0.19041.2546)
OS uptime: 1 days 1:18 hours

CPU: total 7 (initial active 7) (4 cores per cpu, 2 threads per core) family 6 model 58 stepping 9 microcode 0x21, cx8, cmov, fxsr, ht, mmx, sse, sse2, sse3, ssse3, sse4.1, sse4.2, popcnt, tsc, tscinvbit, avx, aes, erms, clmul, vzeroupper, clflush, rdtscp

Memory: 4k page, system-wide physical 13937M (4522M free)
TotalPageFile size 15985M (AvailPageFile size 129M)
current process WorkingSet (physical memory assigned to process): 10M, peak: 10M
current process commit charge ("private bytes"): 58M, peak: 276M

vm_info: OpenJDK 64-Bit Server VM (19.0.1+10-21) for windows-amd64 JRE (19.0.1+10-21), built on 2022-09-14T12:45:06Z by "mach5one" with MS VC++ 17.1 (VS2022)

END.
